time="2020-02-02T12:29:33+08:00" level=info msg="got signal [interrupt], exiting now"
time="2020-02-02T12:29:33+08:00" level=info msg=Exited
time="2020-02-02T12:29:33+08:00" level=error msg="http: Server closed"
time="2020-02-02T13:51:37+08:00" level=info msg="got signal [interrupt], exiting now"
time="2020-02-02T13:51:37+08:00" level=error msg="http: Server closed"
time="2020-02-02T13:51:37+08:00" level=info msg=Exited
time="2020-02-02T13:54:17+08:00" level=info msg="got signal [interrupt], exiting now"
time="2020-02-02T13:54:17+08:00" level=error msg="http: Server closed"
time="2020-02-02T13:54:17+08:00" level=info msg=Exited
time="2020-02-02T13:54:35+08:00" level=debug msg="api get user by id enter"
time="2020-02-02T15:00:36+08:00" level=info msg="got signal [interrupt], exiting now"
time="2020-02-02T15:00:36+08:00" level=error msg="http: Server closed"
time="2020-02-02T15:01:44+08:00" level=debug msg="api create user enter"
time="2020-02-02T15:04:30+08:00" level=debug msg="api create user enter"
time="2020-02-02T15:04:41+08:00" level=debug msg="api create user enter"
time="2020-02-02T15:05:01+08:00" level=debug msg="api create user enter"
time="2020-02-02T15:05:22+08:00" level=debug msg="api create user enter"
time="2020-02-02T15:08:12+08:00" level=debug msg="api create user enter"
time="2020-02-02T15:08:40+08:00" level=debug msg="api create user enter"
time="2020-02-02T15:08:52+08:00" level=debug msg="api create user enter"
time="2020-02-03T11:38:58+08:00" level=debug msg="api create user enter"
time="2020-02-03T11:40:30+08:00" level=info msg="got signal [interrupt], exiting now"
time="2020-02-03T11:40:30+08:00" level=info msg=Exited
time="2020-02-03T11:40:30+08:00" level=error msg="http: Server closed"
time="2020-02-03T11:53:46+08:00" level=info msg="百度链接提交完成：{\"remain\":88293,\"success\":0,\"not_same_site\":[\"https://sparrow.club/topic/1\"]}"
time="2020-02-03T11:54:16+08:00" level=info msg="百度链接提交完成：{\"remain\":88284,\"success\":0,\"not_same_site\":[\"https://sparrow.club/topic/2\"]}"
time="2020-02-03T11:54:23+08:00" level=info msg="百度链接提交完成：{\"remain\":88283,\"success\":0,\"not_same_site\":[\"https://sparrow.club/topic/3\"]}"
time="2020-02-03T11:54:37+08:00" level=info msg="百度链接提交完成：{\"remain\":88279,\"success\":0,\"not_same_site\":[\"https://sparrow.club/topic/4\"]}"
time="2020-02-03T11:54:40+08:00" level=info msg="百度链接提交完成：{\"remain\":88279,\"success\":0,\"not_same_site\":[\"https://sparrow.club/topic/5\"]}"
time="2020-02-03T11:54:43+08:00" level=info msg="百度链接提交完成：{\"remain\":88279,\"success\":0,\"not_same_site\":[\"https://sparrow.club/topic/6\"]}"
time="2020-02-03T11:56:06+08:00" level=info msg="百度链接提交完成：{\"remain\":88259,\"success\":0,\"not_same_site\":[\"https://sparrow.club/topic/7\"]}"
time="2020-02-03T11:56:41+08:00" level=info msg="百度链接提交完成：{\"remain\":88249,\"success\":0,\"not_same_site\":[\"https://sparrow.club/topic/8\"]}"
time="2020-02-03T11:56:44+08:00" level=info msg="百度链接提交完成：{\"remain\":88247,\"success\":0,\"not_same_site\":[\"https://sparrow.club/topic/9\"]}"
time="2020-02-03T11:57:20+08:00" level=info msg="百度链接提交完成：{\"remain\":88240,\"success\":0,\"not_same_site\":[\"https://sparrow.club/topic/10\"]}"
time="2020-02-03T11:57:23+08:00" level=info msg="百度链接提交完成：{\"remain\":88239,\"success\":0,\"not_same_site\":[\"https://sparrow.club/topic/11\"]}"
time="2020-02-03T11:57:26+08:00" level=info msg="百度链接提交完成：{\"remain\":88239,\"success\":0,\"not_same_site\":[\"https://sparrow.club/topic/12\"]}"
time="2020-02-03T15:52:41+08:00" level=info msg="got signal [interrupt], exiting now"
time="2020-02-03T15:52:41+08:00" level=error msg="http: Server closed"
time="2020-02-03T15:52:41+08:00" level=info msg=Exited
time="2020-02-03T15:59:04+08:00" level=info msg="got signal [interrupt], exiting now"
time="2020-02-03T15:59:04+08:00" level=error msg="http: Server closed"
time="2020-02-03T15:59:04+08:00" level=info msg=Exited
time="2020-02-03T16:26:27+08:00" level=info msg="got signal [interrupt], exiting now"
time="2020-02-03T16:26:27+08:00" level=error msg="http: Server closed"
time="2020-02-03T16:26:27+08:00" level=info msg=Exited
time="2020-02-03T16:30:00+08:00" level=info msg="got signal [interrupt], exiting now"
time="2020-02-03T16:30:00+08:00" level=info msg=Exited
time="2020-02-03T16:30:00+08:00" level=error msg="http: Server closed"
time="2020-02-03T16:57:41+08:00" level=info msg="got signal [interrupt], exiting now"
time="2020-02-03T16:57:41+08:00" level=info msg=Exited
time="2020-02-03T16:57:41+08:00" level=error msg="http: Server closed"
time="2020-02-03T17:00:11+08:00" level=info msg="got signal [interrupt], exiting now"
time="2020-02-03T17:00:11+08:00" level=info msg=Exited
time="2020-02-03T17:02:20+08:00" level=info msg="got signal [interrupt], exiting now"
time="2020-02-03T17:02:20+08:00" level=info msg=Exited
time="2020-02-03T17:02:20+08:00" level=error msg="http: Server closed"
time="2020-02-03T17:03:21+08:00" level=info msg="got signal [interrupt], exiting now"
time="2020-02-03T17:03:21+08:00" level=info msg=Exited
time="2020-02-03T17:03:21+08:00" level=error msg="http: Server closed"
time="2020-02-03T17:04:03+08:00" level=info msg="got signal [interrupt], exiting now"
time="2020-02-03T17:04:03+08:00" level=error msg="http: Server closed"
time="2020-02-03T17:07:20+08:00" level=info msg="got signal [interrupt], exiting now"
time="2020-02-03T17:07:20+08:00" level=info msg=Exited
time="2020-02-03T17:07:20+08:00" level=error msg="http: Server closed"
time="2020-02-03T17:11:36+08:00" level=info msg="got signal [interrupt], exiting now"
time="2020-02-03T17:11:36+08:00" level=error msg="http: Server closed"
time="2020-02-03T17:13:27+08:00" level=info msg="got signal [interrupt], exiting now"
time="2020-02-03T17:13:27+08:00" level=info msg=Exited
time="2020-02-03T17:18:24+08:00" level=info msg="got signal [interrupt], exiting now"
time="2020-02-03T17:18:24+08:00" level=error msg="http: Server closed"
time="2020-02-03T17:18:24+08:00" level=info msg=Exited
time="2020-02-03T17:19:59+08:00" level=info msg="got signal [interrupt], exiting now"
time="2020-02-03T17:20:00+08:00" level=info msg=Exited
